<?xml version="1.0" encoding="UTF-8"?>
  <testsuite name="Dev Spaces Operator Test Harness" tests="14" failures="1" errors="0" time="221.726">
      <testcase name="[Dev Spaces Test Harness] [Pods] Check `Dev Spaces Operator` integrity" classname="Dev Spaces Operator Test Harness" time="0.008256177"></testcase>
      <testcase name="[Dev Spaces Test Harness] [Pods] Check `Postgres DB` integrity" classname="Dev Spaces Operator Test Harness" time="0.019727228"></testcase>
      <testcase name="[Dev Spaces Test Harness] [Pods] Check `Devfile Registry` integrity" classname="Dev Spaces Operator Test Harness" time="0.016197227"></testcase>
      <testcase name="[Dev Spaces Test Harness] [Pods] Check `Plugin Registry` integrity" classname="Dev Spaces Operator Test Harness" time="0.010913682"></testcase>
      <testcase name="[Dev Spaces Test Harness] [Pods] Check `Dev Spaces server` integrity" classname="Dev Spaces Operator Test Harness" time="0.024593689"></testcase>
      <testcase name="[Dev Spaces Test Harness] [Pods] Check if Dev Spaces Server is already up" classname="Dev Spaces Operator Test Harness" time="2.771426979"></testcase>
      <testcase name="[WORKSPACES] Create workspace from devfile registry Obtain CheCluster object" classname="Dev Spaces Operator Test Harness" time="2.770903197"></testcase>
      <testcase name="[WORKSPACES] Create workspace from devfile registry Obtain and patch Devfile from DevFile Registry" classname="Dev Spaces Operator Test Harness" time="0.021551726"></testcase>
      <testcase name="[WORKSPACES] Create workspace from devfile registry Create and start Workspace" classname="Dev Spaces Operator Test Harness" time="5.522237466">
          <failure type="Panic">/gitlab.cee.redhat.com/codeready-workspaces/crw-osde2e/tests/workspace_tests.go:61&#xA;Test Panicked&#xA;/gitlab.cee.redhat.com/codeready-workspaces/crw-osde2e/vendor/github.com/sirupsen/logrus/entry.go:255&#xA;&#xA;Panic: &amp;{0xc00016c8c0 map[] 2022-12-23 22:59:39.041386819 +0000 UTC m=+218.938576520 panic &lt;nil&gt; Error on create performance.{error 26 0  Failed to create devworkspace template and devworkspace components} &lt;nil&gt; &lt;nil&gt; }&#xA;&#xA;Full stack:&#xA;github.com/sirupsen/logrus.Entry.log({0xc00016c8c0, 0xc00052ad20, {0x0, 0x0, 0x0}, 0x0, 0x0, {0x0, 0x0}, 0x0, ...}, ...)&#xA;&#x9;/gitlab.cee.redhat.com/codeready-workspaces/crw-osde2e/vendor/github.com/sirupsen/logrus/entry.go:255 +0x2b3&#xA;github.com/sirupsen/logrus.(*Entry).Log(0xc0001bcc40, 0x0, {0xc000a70f40?, 0xc000a710a0?, 0xc000a82f00?})&#xA;&#x9;/gitlab.cee.redhat.com/codeready-workspaces/crw-osde2e/vendor/github.com/sirupsen/logrus/entry.go:283 +0xa8&#xA;github.com/sirupsen/logrus.(*Logger).Log(0xc00016c8c0, 0x0, {0xc000a70f40, 0x2, 0x2})&#xA;&#x9;/gitlab.cee.redhat.com/codeready-workspaces/crw-osde2e/vendor/github.com/sirupsen/logrus/logger.go:198 +0x65&#xA;github.com/sirupsen/logrus.(*Logger).Panic(...)&#xA;&#x9;/gitlab.cee.redhat.com/codeready-workspaces/crw-osde2e/vendor/github.com/sirupsen/logrus/logger.go:247&#xA;gitlab.cee.redhat.com/codeready-workspaces/crw-osde2e/pkg/deploy/workspaces.(*Controller).TestWorkspaceStartAndDelete(0xc0001ac2d8?, 0x1185?)&#xA;&#x9;/gitlab.cee.redhat.com/codeready-workspaces/crw-osde2e/pkg/deploy/workspaces/start.go:36 +0x418&#xA;gitlab.cee.redhat.com/codeready-workspaces/crw-osde2e/tests.glob..func7.1.3()&#xA;&#x9;/gitlab.cee.redhat.com/codeready-workspaces/crw-osde2e/tests/workspace_tests.go:65 +0xb2&#xA;command-line-arguments.TestHarnessCodeReadyWorkspaces(0x406699?)&#xA;&#x9;/gitlab.cee.redhat.com/codeready-workspaces/crw-osde2e/cmd/operator_osd/codererady_addon_osd_test.go:128 +0x27d&#xA;testing.tRunner(0xc00034a820, 0x1a9b850)&#xA;&#x9;/usr/lib/golang/src/testing/testing.go:1439 +0x102&#xA;created by testing.(*T).Run&#xA;&#x9;/usr/lib/golang/src/testing/testing.go:1486 +0x35f</failure>
      </testcase>
      <testcase name="[Dev Spaces Test Harness] [ConfigMaps] Config map `che` should exist" classname="Dev Spaces Operator Test Harness" time="0.003759287"></testcase>
      <testcase name="[Dev Spaces Test Harness] [PersistentVolumeClaims] PVC `postgres-data` should be created" classname="Dev Spaces Operator Test Harness" time="0.003522151"></testcase>
      <testcase name="[Services] Check if devspaces services exist in cluster" classname="Dev Spaces Operator Test Harness" time="0.004336424"></testcase>
      <testcase name="[Dev Spaces Test Harness] [Custom Resources] Check if CRD already exist in Cluster" classname="Dev Spaces Operator Test Harness" time="0.034480305"></testcase>
      <testcase name="[Dev Spaces Test Harness] [Secrets] Secret `self-signed-certificate` should exist" classname="Dev Spaces Operator Test Harness" time="0.003723906"></testcase>
  </testsuite>