<?xml version="1.0" encoding="UTF-8"?>
  <testsuite name="Dev Spaces Operator Test Harness" tests="14" failures="1" errors="0" time="214.812">
      <testcase name="[Dev Spaces Test Harness] [Custom Resources] Check if CRD already exist in Cluster" classname="Dev Spaces Operator Test Harness" time="0.034282325"></testcase>
      <testcase name="[Dev Spaces Test Harness] [Secrets] Secret `self-signed-certificate` should exist" classname="Dev Spaces Operator Test Harness" time="0.003170978"></testcase>
      <testcase name="[WORKSPACES] Create workspace from devfile registry Obtain CheCluster object" classname="Dev Spaces Operator Test Harness" time="2.7602922100000002"></testcase>
      <testcase name="[WORKSPACES] Create workspace from devfile registry Obtain and patch Java Devfile from DevFile Registry" classname="Dev Spaces Operator Test Harness" time="0.017302022"></testcase>
      <testcase name="[WORKSPACES] Create workspace from devfile registry Create Java Workspace" classname="Dev Spaces Operator Test Harness" time="5.523182093">
          <failure type="Panic">/gitlab.cee.redhat.com/codeready-workspaces/crw-osde2e/tests/workspace_tests.go:56&#xA;Test Panicked&#xA;/gitlab.cee.redhat.com/codeready-workspaces/crw-osde2e/vendor/github.com/sirupsen/logrus/entry.go:255&#xA;&#xA;Panic: &amp;{0xc0001acb60 map[] 2022-12-20 23:13:01.980027983 +0000 UTC m=+209.220675596 panic &lt;nil&gt; Error on create performance.{error 26 0  Failed to create devworkspace template and devworkspace components} &lt;nil&gt; &lt;nil&gt; }&#xA;&#xA;Full stack:&#xA;github.com/sirupsen/logrus.Entry.log({0xc0001acb60, 0xc000979b90, {0x0, 0x0, 0x0}, 0x0, 0x0, {0x0, 0x0}, 0x0, ...}, ...)&#xA;&#x9;/gitlab.cee.redhat.com/codeready-workspaces/crw-osde2e/vendor/github.com/sirupsen/logrus/entry.go:255 +0x2b3&#xA;github.com/sirupsen/logrus.(*Entry).Log(0xc0000e0a80, 0x0, {0xc000c18f50, 0xc000c190b0, 0xc0008f7480})&#xA;&#x9;/gitlab.cee.redhat.com/codeready-workspaces/crw-osde2e/vendor/github.com/sirupsen/logrus/entry.go:283 +0xa8&#xA;github.com/sirupsen/logrus.(*Logger).Log(0xc0001acb60, 0x0, {0xc000c18f50, 0x2, 0x2})&#xA;&#x9;/gitlab.cee.redhat.com/codeready-workspaces/crw-osde2e/vendor/github.com/sirupsen/logrus/logger.go:198 +0x65&#xA;github.com/sirupsen/logrus.(*Logger).Panic(...)&#xA;&#x9;/gitlab.cee.redhat.com/codeready-workspaces/crw-osde2e/vendor/github.com/sirupsen/logrus/logger.go:247&#xA;gitlab.cee.redhat.com/codeready-workspaces/crw-osde2e/pkg/deploy/workspaces.(*Controller).TestWorkspaceStartAndDelete(0xc0001f1500, 0x145d)&#xA;&#x9;/gitlab.cee.redhat.com/codeready-workspaces/crw-osde2e/pkg/deploy/workspaces/start.go:36 +0x425&#xA;gitlab.cee.redhat.com/codeready-workspaces/crw-osde2e/tests.glob..func7.1.3()&#xA;&#x9;/gitlab.cee.redhat.com/codeready-workspaces/crw-osde2e/tests/workspace_tests.go:60 +0xb2&#xA;command-line-arguments.TestHarnessCodeReadyWorkspaces(0x4062f9)&#xA;&#x9;/gitlab.cee.redhat.com/codeready-workspaces/crw-osde2e/cmd/operator_osd/codererady_addon_osd_test.go:128 +0x27b&#xA;testing.tRunner(0xc0005836c0, 0x1ab3468)&#xA;&#x9;/usr/lib/golang/src/testing/testing.go:1259 +0x102&#xA;created by testing.(*T).Run&#xA;&#x9;/usr/lib/golang/src/testing/testing.go:1306 +0x35a</failure>
      </testcase>
      <testcase name="[Services] Check if devspaces services exist in cluster" classname="Dev Spaces Operator Test Harness" time="0.004798584"></testcase>
      <testcase name="[Dev Spaces Test Harness] [ConfigMaps] Config map `che` should exist" classname="Dev Spaces Operator Test Harness" time="0.003199827"></testcase>
      <testcase name="[Dev Spaces Test Harness] [PersistentVolumeClaims] PVC `postgres-data` should be created" classname="Dev Spaces Operator Test Harness" time="0.003625591"></testcase>
      <testcase name="[Dev Spaces Test Harness] [Pods] Check `Dev Spaces Operator` integrity" classname="Dev Spaces Operator Test Harness" time="0.010004941"></testcase>
      <testcase name="[Dev Spaces Test Harness] [Pods] Check `Postgres DB` integrity" classname="Dev Spaces Operator Test Harness" time="0.019233987"></testcase>
      <testcase name="[Dev Spaces Test Harness] [Pods] Check `Devfile Registry` integrity" classname="Dev Spaces Operator Test Harness" time="0.018872716"></testcase>
      <testcase name="[Dev Spaces Test Harness] [Pods] Check `Plugin Registry` integrity" classname="Dev Spaces Operator Test Harness" time="0.015384671"></testcase>
      <testcase name="[Dev Spaces Test Harness] [Pods] Check `Dev Spaces server` integrity" classname="Dev Spaces Operator Test Harness" time="0.011479782"></testcase>
      <testcase name="[Dev Spaces Test Harness] [Pods] Check if Dev Spaces Server is already up" classname="Dev Spaces Operator Test Harness" time="2.767069674"></testcase>
  </testsuite>