<?xml version="1.0" encoding="UTF-8"?>
  <testsuite name="Dev Spaces Operator Test Harness" tests="14" failures="1" errors="0" time="230.753">
      <testcase name="[Dev Spaces Test Harness] [Custom Resources] Check if CRD already exist in Cluster" classname="Dev Spaces Operator Test Harness" time="0.0377803"></testcase>
      <testcase name="[Dev Spaces Test Harness] [ConfigMaps] Config map `che` should exist" classname="Dev Spaces Operator Test Harness" time="0.003465052"></testcase>
      <testcase name="[Dev Spaces Test Harness] [Pods] Check `Dev Spaces Operator` integrity" classname="Dev Spaces Operator Test Harness" time="0.007329443"></testcase>
      <testcase name="[Dev Spaces Test Harness] [Pods] Check `Postgres DB` integrity" classname="Dev Spaces Operator Test Harness" time="0.02011359"></testcase>
      <testcase name="[Dev Spaces Test Harness] [Pods] Check `Devfile Registry` integrity" classname="Dev Spaces Operator Test Harness" time="0.011526661"></testcase>
      <testcase name="[Dev Spaces Test Harness] [Pods] Check `Plugin Registry` integrity" classname="Dev Spaces Operator Test Harness" time="0.010945955"></testcase>
      <testcase name="[Dev Spaces Test Harness] [Pods] Check `Dev Spaces server` integrity" classname="Dev Spaces Operator Test Harness" time="0.023111116"></testcase>
      <testcase name="[Dev Spaces Test Harness] [Pods] Check if Dev Spaces Server is already up" classname="Dev Spaces Operator Test Harness" time="2.7716741000000003"></testcase>
      <testcase name="[Services] Check if devspaces services exist in cluster" classname="Dev Spaces Operator Test Harness" time="0.005002261"></testcase>
      <testcase name="[Dev Spaces Test Harness] [PersistentVolumeClaims] PVC `postgres-data` should be created" classname="Dev Spaces Operator Test Harness" time="0.003573048"></testcase>
      <testcase name="[WORKSPACES] Create workspace from devfile registry Obtain CheCluster object" classname="Dev Spaces Operator Test Harness" time="2.7614800969999997"></testcase>
      <testcase name="[WORKSPACES] Create workspace from devfile registry Obtain and patch Devfile from DevFile Registry" classname="Dev Spaces Operator Test Harness" time="0.024389175"></testcase>
      <testcase name="[WORKSPACES] Create workspace from devfile registry Create and start Workspace" classname="Dev Spaces Operator Test Harness" time="5.531288404">
          <failure type="Panic">/gitlab.cee.redhat.com/codeready-workspaces/crw-osde2e/tests/workspace_tests.go:61&#xA;Test Panicked&#xA;/gitlab.cee.redhat.com/codeready-workspaces/crw-osde2e/vendor/github.com/sirupsen/logrus/entry.go:255&#xA;&#xA;Panic: &amp;{0xc00016c8c0 map[] 2022-12-26 15:39:08.614452815 +0000 UTC m=+228.013753708 panic &lt;nil&gt; Failed to create devworkspace template and devworkspace components &lt;nil&gt; &lt;nil&gt; }&#xA;&#xA;Full stack:&#xA;github.com/sirupsen/logrus.Entry.log({0xc00016c8c0, 0xc0004d4480, {0x0, 0x0, 0x0}, 0x0, 0x0, {0x0, 0x0}, 0x0, ...}, ...)&#xA;&#x9;/gitlab.cee.redhat.com/codeready-workspaces/crw-osde2e/vendor/github.com/sirupsen/logrus/entry.go:255 +0x2b3&#xA;github.com/sirupsen/logrus.(*Entry).Log(0xc0003dc150, 0x0, {0xc000d40dd0?, 0x0?, 0x0?})&#xA;&#x9;/gitlab.cee.redhat.com/codeready-workspaces/crw-osde2e/vendor/github.com/sirupsen/logrus/entry.go:283 +0xa8&#xA;github.com/sirupsen/logrus.(*Logger).Log(0xc00016c8c0, 0x0, {0xc000d40dd0, 0x1, 0x1})&#xA;&#x9;/gitlab.cee.redhat.com/codeready-workspaces/crw-osde2e/vendor/github.com/sirupsen/logrus/logger.go:198 +0x65&#xA;github.com/sirupsen/logrus.(*Logger).Panic(...)&#xA;&#x9;/gitlab.cee.redhat.com/codeready-workspaces/crw-osde2e/vendor/github.com/sirupsen/logrus/logger.go:247&#xA;gitlab.cee.redhat.com/codeready-workspaces/crw-osde2e/pkg/deploy/workspaces.(*Controller).CreateAndRunWorkspace(0xc0006d2f10?, 0x1?)&#xA;&#x9;/gitlab.cee.redhat.com/codeready-workspaces/crw-osde2e/pkg/deploy/workspaces/start.go:71 +0x1cd&#xA;gitlab.cee.redhat.com/codeready-workspaces/crw-osde2e/pkg/deploy/workspaces.(*Controller).TestWorkspaceStartAndDelete(0xc0001aa2d8?, 0x1185?)&#xA;&#x9;/gitlab.cee.redhat.com/codeready-workspaces/crw-osde2e/pkg/deploy/workspaces/start.go:31 +0x2db&#xA;gitlab.cee.redhat.com/codeready-workspaces/crw-osde2e/tests.glob..func7.1.3()&#xA;&#x9;/gitlab.cee.redhat.com/codeready-workspaces/crw-osde2e/tests/workspace_tests.go:65 +0xb2&#xA;command-line-arguments.TestHarnessCodeReadyWorkspaces(0x406699?)&#xA;&#x9;/gitlab.cee.redhat.com/codeready-workspaces/crw-osde2e/cmd/operator_osd/codererady_addon_osd_test.go:128 +0x27d&#xA;testing.tRunner(0xc000400000, 0x1a9b870)&#xA;&#x9;/usr/lib/golang/src/testing/testing.go:1439 +0x102&#xA;created by testing.(*T).Run&#xA;&#x9;/usr/lib/golang/src/testing/testing.go:1486 +0x35f</failure>
      </testcase>
      <testcase name="[Dev Spaces Test Harness] [Secrets] Secret `self-signed-certificate` should exist" classname="Dev Spaces Operator Test Harness" time="0.003626325"></testcase>
  </testsuite>