<?xml version="1.0" encoding="UTF-8"?>
  <testsuite name="Dev Spaces Operator Test Harness" tests="14" failures="1" errors="0" time="303.308">
      <testcase name="[Dev Spaces Test Harness] [Custom Resources] Check if CRD already exist in Cluster" classname="Dev Spaces Operator Test Harness" time="0.037520151"></testcase>
      <testcase name="[Dev Spaces Test Harness] [ConfigMaps] Config map `che` should exist" classname="Dev Spaces Operator Test Harness" time="0.003903463"></testcase>
      <testcase name="[Dev Spaces Test Harness] [Secrets] Secret `self-signed-certificate` should exist" classname="Dev Spaces Operator Test Harness" time="0.003087145"></testcase>
      <testcase name="[WORKSPACES] Create workspace from devfile registry Obtain CheCluster object" classname="Dev Spaces Operator Test Harness" time="2.757976339"></testcase>
      <testcase name="[WORKSPACES] Create workspace from devfile registry Obtain and patch Devfile from DevFile Registry" classname="Dev Spaces Operator Test Harness" time="0.014455184"></testcase>
      <testcase name="[WORKSPACES] Create workspace from devfile registry Create and start Workspace" classname="Dev Spaces Operator Test Harness" time="5.519273464">
          <failure type="Panic">/gitlab.cee.redhat.com/codeready-workspaces/crw-osde2e/tests/workspace_tests.go:59&#xA;Test Panicked&#xA;/gitlab.cee.redhat.com/codeready-workspaces/crw-osde2e/vendor/github.com/sirupsen/logrus/entry.go:255&#xA;&#xA;Panic: &amp;{0xc0002428c0 map[] 2022-12-23 22:46:00.800101628 +0000 UTC m=+297.708052815 panic &lt;nil&gt; Error on create performance.{error 26 0  Failed to create devworkspace template and devworkspace components} &lt;nil&gt; &lt;nil&gt; }&#xA;&#xA;Full stack:&#xA;github.com/sirupsen/logrus.Entry.log({0xc0002428c0, 0xc00044a270, {0x0, 0x0, 0x0}, 0x0, 0x0, {0x0, 0x0}, 0x0, ...}, ...)&#xA;&#x9;/gitlab.cee.redhat.com/codeready-workspaces/crw-osde2e/vendor/github.com/sirupsen/logrus/entry.go:255 +0x2b3&#xA;github.com/sirupsen/logrus.(*Entry).Log(0xc00011c8c0, 0x0, {0xc000a14f40?, 0xc000a150a0?, 0xc0008ee8c0?})&#xA;&#x9;/gitlab.cee.redhat.com/codeready-workspaces/crw-osde2e/vendor/github.com/sirupsen/logrus/entry.go:283 +0xa8&#xA;github.com/sirupsen/logrus.(*Logger).Log(0xc0002428c0, 0x0, {0xc000a14f40, 0x2, 0x2})&#xA;&#x9;/gitlab.cee.redhat.com/codeready-workspaces/crw-osde2e/vendor/github.com/sirupsen/logrus/logger.go:198 +0x65&#xA;github.com/sirupsen/logrus.(*Logger).Panic(...)&#xA;&#x9;/gitlab.cee.redhat.com/codeready-workspaces/crw-osde2e/vendor/github.com/sirupsen/logrus/logger.go:247&#xA;gitlab.cee.redhat.com/codeready-workspaces/crw-osde2e/pkg/deploy/workspaces.(*Controller).TestWorkspaceStartAndDelete(0xc0002802d8?, 0x1185?)&#xA;&#x9;/gitlab.cee.redhat.com/codeready-workspaces/crw-osde2e/pkg/deploy/workspaces/start.go:36 +0x418&#xA;gitlab.cee.redhat.com/codeready-workspaces/crw-osde2e/tests.glob..func7.1.3()&#xA;&#x9;/gitlab.cee.redhat.com/codeready-workspaces/crw-osde2e/tests/workspace_tests.go:63 +0xb2&#xA;command-line-arguments.TestHarnessCodeReadyWorkspaces(0x406699?)&#xA;&#x9;/gitlab.cee.redhat.com/codeready-workspaces/crw-osde2e/cmd/operator_osd/codererady_addon_osd_test.go:128 +0x27d&#xA;testing.tRunner(0xc000458ea0, 0x1a9b870)&#xA;&#x9;/usr/lib/golang/src/testing/testing.go:1439 +0x102&#xA;created by testing.(*T).Run&#xA;&#x9;/usr/lib/golang/src/testing/testing.go:1486 +0x35f</failure>
      </testcase>
      <testcase name="[Dev Spaces Test Harness] [PersistentVolumeClaims] PVC `postgres-data` should be created" classname="Dev Spaces Operator Test Harness" time="0.003691439"></testcase>
      <testcase name="[Services] Check if devspaces services exist in cluster" classname="Dev Spaces Operator Test Harness" time="0.003930039"></testcase>
      <testcase name="[Dev Spaces Test Harness] [Pods] Check `Dev Spaces Operator` integrity" classname="Dev Spaces Operator Test Harness" time="0.006521418"></testcase>
      <testcase name="[Dev Spaces Test Harness] [Pods] Check `Postgres DB` integrity" classname="Dev Spaces Operator Test Harness" time="0.021903189"></testcase>
      <testcase name="[Dev Spaces Test Harness] [Pods] Check `Devfile Registry` integrity" classname="Dev Spaces Operator Test Harness" time="0.016407664"></testcase>
      <testcase name="[Dev Spaces Test Harness] [Pods] Check `Plugin Registry` integrity" classname="Dev Spaces Operator Test Harness" time="0.011312602"></testcase>
      <testcase name="[Dev Spaces Test Harness] [Pods] Check `Dev Spaces server` integrity" classname="Dev Spaces Operator Test Harness" time="0.023656774"></testcase>
      <testcase name="[Dev Spaces Test Harness] [Pods] Check if Dev Spaces Server is already up" classname="Dev Spaces Operator Test Harness" time="2.77613572"></testcase>
  </testsuite>